<?xml version="1.0" encoding="UTF-8"?>
<testng-results skipped="0" failed="0" ignored="0" total="2" passed="2">
  <reporter-output>
  </reporter-output>
  <suite name="Command line suite" duration-ms="300652" started-at="2020-02-20T12:02:01Z" finished-at="2020-02-20T12:07:02Z">
    <groups>
    </groups>
    <test name="Command line test" duration-ms="300652" started-at="2020-02-20T12:02:01Z" finished-at="2020-02-20T12:07:02Z">
      <class name="test.java.TheInternetTest">
        <test-method status="PASS" signature="TheInternetTest()[pri:0, instance:test.java.TheInternetTest@13969fbe]" name="TheInternetTest" duration-ms="43652" started-at="2020-02-20T19:06:18Z" finished-at="2020-02-20T19:07:02Z">
          <reporter-output>
          </reporter-output>
        </test-method> <!-- TheInternetTest -->
      </class> <!-- test.java.TheInternetTest -->
      <class name="test.java.PalindromeTest">
        <test-method status="PASS" signature="PalindromeCheckerTest()[pri:0, instance:test.java.PalindromeTest@6bf256fa]" name="PalindromeCheckerTest" duration-ms="256968" started-at="2020-02-20T19:02:01Z" finished-at="2020-02-20T19:06:18Z">
          <reporter-output>
          </reporter-output>
        </test-method> <!-- PalindromeCheckerTest -->
      </class> <!-- test.java.PalindromeTest -->
    </test> <!-- Command line test -->
  </suite> <!-- Command line suite -->
</testng-results>
